{"/home/fernando/Documentos/vagrant/Projects/00-opensource/ajax/src/ajax.js":{"path":"/home/fernando/Documentos/vagrant/Projects/00-opensource/ajax/src/ajax.js","s":{"1":1,"2":1,"3":0,"4":1,"5":1,"6":0,"7":1,"8":4,"9":4,"10":4,"11":4,"12":3,"13":4,"14":4,"15":4,"16":2,"17":4,"18":2,"19":4,"20":7,"21":0,"22":0,"23":0,"24":0,"25":0,"26":4,"27":0,"28":0,"29":0,"30":0,"31":0,"32":0,"33":0,"34":4,"35":0,"36":0,"37":0,"38":0,"39":0,"40":4,"41":4,"42":0,"43":0,"44":0,"45":4,"46":0,"47":0,"48":0,"49":0,"50":0,"51":0,"52":4,"53":0,"54":4,"55":1},"b":{"1":[0,1],"2":[1,0],"3":[1,0],"4":[0,0],"5":[0,0],"6":[0,0],"7":[0,0],"8":[0,0]},"f":{"1":1,"2":1,"3":4,"4":0,"5":0,"6":0,"7":3,"8":4,"9":2,"10":2,"11":7,"12":0,"13":0,"14":4,"15":0,"16":0,"17":0,"18":0,"19":0,"20":0},"fnMap":{"1":{"name":"(anonymous_1)","line":1,"loc":{"start":{"line":1,"column":2},"end":{"line":1,"column":29}}},"2":{"name":"(anonymous_2)","line":13,"loc":{"start":{"line":13,"column":9},"end":{"line":13,"column":20}}},"3":{"name":"Ajax","line":16,"loc":{"start":{"line":16,"column":2},"end":{"line":16,"column":18}}},"4":{"name":"(anonymous_4)","line":21,"loc":{"start":{"line":21,"column":12},"end":{"line":21,"column":23}}},"5":{"name":"(anonymous_5)","line":22,"loc":{"start":{"line":22,"column":13},"end":{"line":22,"column":24}}},"6":{"name":"(anonymous_6)","line":23,"loc":{"start":{"line":23,"column":14},"end":{"line":23,"column":25}}},"7":{"name":"get","line":26,"loc":{"start":{"line":26,"column":18},"end":{"line":26,"column":38}}},"8":{"name":"post","line":30,"loc":{"start":{"line":30,"column":19},"end":{"line":30,"column":46}}},"9":{"name":"put","line":34,"loc":{"start":{"line":34,"column":18},"end":{"line":34,"column":44}}},"10":{"name":"del","line":38,"loc":{"start":{"line":38,"column":21},"end":{"line":38,"column":47}}},"11":{"name":"XHRConnection","line":42,"loc":{"start":{"line":42,"column":29},"end":{"line":42,"column":71}}},"12":{"name":"handleReadyStateChange","line":51,"loc":{"start":{"line":51,"column":38},"end":{"line":51,"column":72}}},"13":{"name":"parseResponse","line":63,"loc":{"start":{"line":63,"column":29},"end":{"line":63,"column":59}}},"14":{"name":"promises","line":74,"loc":{"start":{"line":74,"column":24},"end":{"line":74,"column":44}}},"15":{"name":"done","line":76,"loc":{"start":{"line":76,"column":14},"end":{"line":76,"column":40}}},"16":{"name":"error","line":79,"loc":{"start":{"line":79,"column":15},"end":{"line":79,"column":42}}},"17":{"name":"always","line":82,"loc":{"start":{"line":82,"column":16},"end":{"line":82,"column":44}}},"18":{"name":"convertObjectToQueryString","line":88,"loc":{"start":{"line":88,"column":42},"end":{"line":88,"column":86}}},"19":{"name":"(anonymous_19)","line":92,"loc":{"start":{"line":92,"column":34},"end":{"line":92,"column":50}}},"20":{"name":"isObject","line":98,"loc":{"start":{"line":98,"column":24},"end":{"line":98,"column":50}}}},"statementMap":{"1":{"start":{"line":1,"column":1},"end":{"line":106,"column":3}},"2":{"start":{"line":4,"column":2},"end":{"line":12,"column":3},"skip":true},"3":{"start":{"line":5,"column":4},"end":{"line":5,"column":30},"skip":true},"4":{"start":{"line":7,"column":7},"end":{"line":12,"column":3},"skip":true},"5":{"start":{"line":8,"column":4},"end":{"line":8,"column":41},"skip":true},"6":{"start":{"line":11,"column":4},"end":{"line":11,"column":26},"skip":true},"7":{"start":{"line":16,"column":2},"end":{"line":103,"column":3}},"8":{"start":{"line":17,"column":4},"end":{"line":17,"column":21}},"9":{"start":{"line":18,"column":4},"end":{"line":18,"column":22}},"10":{"start":{"line":20,"column":4},"end":{"line":24,"column":6}},"11":{"start":{"line":26,"column":4},"end":{"line":28,"column":6}},"12":{"start":{"line":27,"column":6},"end":{"line":27,"column":56}},"13":{"start":{"line":30,"column":4},"end":{"line":32,"column":6}},"14":{"start":{"line":31,"column":6},"end":{"line":31,"column":57}},"15":{"start":{"line":34,"column":4},"end":{"line":36,"column":6}},"16":{"start":{"line":35,"column":6},"end":{"line":35,"column":51}},"17":{"start":{"line":38,"column":4},"end":{"line":40,"column":6}},"18":{"start":{"line":39,"column":6},"end":{"line":39,"column":54}},"19":{"start":{"line":42,"column":4},"end":{"line":49,"column":6}},"20":{"start":{"line":43,"column":6},"end":{"line":43,"column":37}},"21":{"start":{"line":44,"column":6},"end":{"line":44,"column":40}},"22":{"start":{"line":45,"column":6},"end":{"line":45,"column":82}},"23":{"start":{"line":46,"column":6},"end":{"line":46,"column":89}},"24":{"start":{"line":47,"column":6},"end":{"line":47,"column":62}},"25":{"start":{"line":48,"column":6},"end":{"line":48,"column":33}},"26":{"start":{"line":51,"column":4},"end":{"line":61,"column":6}},"27":{"start":{"line":52,"column":6},"end":{"line":52,"column":21}},"28":{"start":{"line":53,"column":6},"end":{"line":53,"column":19}},"29":{"start":{"line":54,"column":6},"end":{"line":60,"column":7}},"30":{"start":{"line":55,"column":8},"end":{"line":55,"column":89}},"31":{"start":{"line":56,"column":8},"end":{"line":58,"column":9}},"32":{"start":{"line":57,"column":10},"end":{"line":57,"column":96}},"33":{"start":{"line":59,"column":8},"end":{"line":59,"column":88}},"34":{"start":{"line":63,"column":4},"end":{"line":72,"column":6}},"35":{"start":{"line":64,"column":6},"end":{"line":64,"column":17}},"36":{"start":{"line":65,"column":6},"end":{"line":70,"column":7}},"37":{"start":{"line":66,"column":8},"end":{"line":66,"column":48}},"38":{"start":{"line":69,"column":8},"end":{"line":69,"column":34}},"39":{"start":{"line":71,"column":6},"end":{"line":71,"column":29}},"40":{"start":{"line":74,"column":4},"end":{"line":86,"column":6}},"41":{"start":{"line":75,"column":6},"end":{"line":85,"column":8}},"42":{"start":{"line":77,"column":10},"end":{"line":77,"column":60}},"43":{"start":{"line":80,"column":10},"end":{"line":80,"column":61}},"44":{"start":{"line":83,"column":10},"end":{"line":83,"column":62}},"45":{"start":{"line":88,"column":4},"end":{"line":96,"column":6}},"46":{"start":{"line":89,"column":6},"end":{"line":89,"column":29}},"47":{"start":{"line":90,"column":6},"end":{"line":91,"column":20}},"48":{"start":{"line":91,"column":8},"end":{"line":91,"column":20}},"49":{"start":{"line":92,"column":6},"end":{"line":94,"column":9}},"50":{"start":{"line":93,"column":8},"end":{"line":93,"column":54}},"51":{"start":{"line":95,"column":6},"end":{"line":95,"column":39}},"52":{"start":{"line":98,"column":4},"end":{"line":100,"column":6}},"53":{"start":{"line":99,"column":6},"end":{"line":99,"column":74}},"54":{"start":{"line":102,"column":4},"end":{"line":102,"column":19}},"55":{"start":{"line":105,"column":2},"end":{"line":105,"column":14}}},"branchMap":{"1":{"line":4,"type":"if","locations":[{"start":{"line":4,"column":2},"end":{"line":4,"column":2},"skip":true},{"start":{"line":4,"column":2},"end":{"line":4,"column":2},"skip":true}]},"2":{"line":4,"type":"binary-expr","locations":[{"start":{"line":4,"column":7},"end":{"line":4,"column":35},"skip":true},{"start":{"line":4,"column":39},"end":{"line":4,"column":49},"skip":true}]},"3":{"line":7,"type":"if","locations":[{"start":{"line":7,"column":7},"end":{"line":7,"column":7},"skip":true},{"start":{"line":7,"column":7},"end":{"line":7,"column":7},"skip":true}]},"4":{"line":44,"type":"binary-expr","locations":[{"start":{"line":44,"column":22},"end":{"line":44,"column":25}},{"start":{"line":44,"column":29},"end":{"line":44,"column":31}}]},"5":{"line":54,"type":"if","locations":[{"start":{"line":54,"column":6},"end":{"line":54,"column":6}},{"start":{"line":54,"column":6},"end":{"line":54,"column":6}}]},"6":{"line":56,"type":"if","locations":[{"start":{"line":56,"column":8},"end":{"line":56,"column":8}},{"start":{"line":56,"column":8},"end":{"line":56,"column":8}}]},"7":{"line":56,"type":"binary-expr","locations":[{"start":{"line":56,"column":12},"end":{"line":56,"column":29}},{"start":{"line":56,"column":33},"end":{"line":56,"column":49}}]},"8":{"line":90,"type":"if","locations":[{"start":{"line":90,"column":6},"end":{"line":90,"column":6}},{"start":{"line":90,"column":6},"end":{"line":90,"column":6}}]}}}}