TN:
SF:/home/fernando/Documentos/vagrant/Projects/00-opensource/ajax/src/ajax.js
FN:1,(anonymous_1)
FN:13,(anonymous_2)
FN:16,Ajax
FN:21,(anonymous_4)
FN:22,(anonymous_5)
FN:23,(anonymous_6)
FN:26,get
FN:30,post
FN:34,put
FN:38,del
FN:42,XHRConnection
FN:51,handleReadyStateChange
FN:63,parseResponse
FN:74,promises
FN:76,done
FN:79,error
FN:82,always
FN:88,convertObjectToQueryString
FN:92,(anonymous_19)
FN:98,isObject
FNF:20
FNH:9
FNDA:1,(anonymous_1)
FNDA:1,(anonymous_2)
FNDA:4,Ajax
FNDA:0,(anonymous_4)
FNDA:0,(anonymous_5)
FNDA:0,(anonymous_6)
FNDA:3,get
FNDA:4,post
FNDA:2,put
FNDA:2,del
FNDA:7,XHRConnection
FNDA:0,handleReadyStateChange
FNDA:0,parseResponse
FNDA:4,promises
FNDA:0,done
FNDA:0,error
FNDA:0,always
FNDA:0,convertObjectToQueryString
FNDA:0,(anonymous_19)
FNDA:0,isObject
DA:1,1
DA:4,1
DA:5,1
DA:7,1
DA:8,1
DA:11,1
DA:16,1
DA:17,4
DA:18,4
DA:20,4
DA:26,4
DA:27,3
DA:30,4
DA:31,4
DA:34,4
DA:35,2
DA:38,4
DA:39,2
DA:42,4
DA:43,7
DA:44,0
DA:45,0
DA:46,0
DA:47,0
DA:48,0
DA:51,4
DA:52,0
DA:53,0
DA:54,0
DA:55,0
DA:56,0
DA:57,0
DA:59,0
DA:63,4
DA:64,0
DA:65,0
DA:66,0
DA:69,0
DA:71,0
DA:74,4
DA:75,4
DA:77,0
DA:80,0
DA:83,0
DA:88,4
DA:89,0
DA:90,0
DA:91,0
DA:92,0
DA:93,0
DA:95,0
DA:98,4
DA:99,0
DA:102,4
DA:105,1
LF:55
LH:28
BRDA:4,1,0,0
BRDA:4,1,1,1
BRDA:4,2,0,1
BRDA:4,2,1,0
BRDA:7,3,0,1
BRDA:7,3,1,0
BRDA:44,4,0,0
BRDA:44,4,1,0
BRDA:54,5,0,0
BRDA:54,5,1,0
BRDA:56,6,0,0
BRDA:56,6,1,0
BRDA:56,7,0,0
BRDA:56,7,1,0
BRDA:90,8,0,0
BRDA:90,8,1,0
BRF:16
BRH:6
end_of_record
